#
# There is insufficient memory for the Java Runtime Environment to continue.
# Native memory allocation (malloc) failed to allocate 293616 bytes for Chunk::new
# Possible reasons:
#   The system is out of physical RAM or swap space
#   The process is running with CompressedOops enabled, and the Java Heap may be blocking the growth of the native heap
# Possible solutions:
#   Reduce memory load on the system
#   Increase physical memory or swap space
#   Check if swap backing store is full
#   Decrease Java heap size (-Xmx/-Xms)
#   Decrease number of Java threads
#   Decrease Java thread stack sizes (-Xss)
#   Set larger code cache with -XX:ReservedCodeCacheSize=
#   JVM is running with Zero Based Compressed Oops mode in which the Java heap is
#     placed in the first 32GB address space. The Java Heap base address is the
#     maximum limit for the native heap growth. Please use -XX:HeapBaseMinAddress
#     to set the Java Heap base and to place the Java Heap above 32GB virtual address.
# This output file may be truncated or incomplete.
#
#  Out of Memory Error (arena.cpp:189), pid=18996, tid=16336
#
# JRE version: Java(TM) SE Runtime Environment (17.0.1+12) (build 17.0.1+12-LTS-39)
# Java VM: Java HotSpot(TM) 64-Bit Server VM (17.0.1+12-LTS-39, mixed mode, tiered, compressed oops, compressed class ptrs, g1 gc, windows-amd64)
# No core dump will be written. Minidumps are not enabled by default on client versions of Windows
#

---------------  S U M M A R Y ------------

Command Line: -javaagent:C:\Program Files\JetBrains\IntelliJ IDEA Community Edition 2022.3.2\lib\idea_rt.jar=16339:C:\Program Files\JetBrains\IntelliJ IDEA Community Edition 2022.3.2\bin -Dfile.encoding=UTF-8 com.example.Ada966WebfluxApplication

Host: Intel(R) Core(TM) i7-6500U CPU @ 2.50GHz, 4 cores, 15G,  Windows 10 , 64 bit Build 19041 (10.0.19041.2546)
Time: Tue Feb 28 04:30:32 2023 E. South America Standard Time elapsed time: 1.390090 seconds (0d 0h 0m 1s)

---------------  T H R E A D  ---------------

Current thread (0x000001390715ec30):  JavaThread "C2 CompilerThread1" daemon [_thread_in_native, id=16336, stack(0x00000007f2800000,0x00000007f2900000)]


Current CompileTask:
C2:   1390  986       4       jdk.internal.util.jar.JarIndex::get (49 bytes)

Stack: [0x00000007f2800000,0x00000007f2900000]
Native frames: (J=compiled Java code, j=interpreted, Vv=VM code, C=native code)
V  [jvm.dll+0x66fa1a]
V  [jvm.dll+0x7ce5a4]
V  [jvm.dll+0x7cfd4e]
V  [jvm.dll+0x7d03b3]
V  [jvm.dll+0x242b05]
V  [jvm.dll+0xaa05b]
V  [jvm.dll+0xaa5ec]
V  [jvm.dll+0x35f9b2]
V  [jvm.dll+0x329f51]
V  [jvm.dll+0x3293fa]
V  [jvm.dll+0x215bf1]
V  [jvm.dll+0x215011]
V  [jvm.dll+0x1a168d]
V  [jvm.dll+0x224848]
V  [jvm.dll+0x2229ac]
V  [jvm.dll+0x78435b]
V  [jvm.dll+0x77e91a]
V  [jvm.dll+0x66e845]
C  [ucrtbase.dll+0x21bb2]
C  [KERNEL32.DLL+0x17614]
C  [ntdll.dll+0x526a1]


---------------  P R O C E S S  ---------------

Threads class SMR info:
_java_thread_list=0x00000139070c03c0, length=14, elements={
0x00000139612013e0, 0x0000013906836020, 0x00000139068369e0, 0x000001390680f5a0,
0x000001397f62d7e0, 0x000001397f62e0a0, 0x000001397f62ea50, 0x000001390685f2d0,
0x0000013906860180, 0x0000013906868b80, 0x00000139069a3c10, 0x0000013906b7e750,
0x0000013906ed2b70, 0x000001390715ec30
}

Java Threads: ( => current thread )
  0x00000139612013e0 JavaThread "main" [_thread_in_native, id=21560, stack(0x00000007f1100000,0x00000007f1200000)]
  0x0000013906836020 JavaThread "Reference Handler" daemon [_thread_blocked, id=27124, stack(0x00000007f1800000,0x00000007f1900000)]
  0x00000139068369e0 JavaThread "Finalizer" daemon [_thread_blocked, id=27692, stack(0x00000007f1900000,0x00000007f1a00000)]
  0x000001390680f5a0 JavaThread "Signal Dispatcher" daemon [_thread_blocked, id=16372, stack(0x00000007f1a00000,0x00000007f1b00000)]
  0x000001397f62d7e0 JavaThread "Attach Listener" daemon [_thread_blocked, id=3480, stack(0x00000007f1b00000,0x00000007f1c00000)]
  0x000001397f62e0a0 JavaThread "Service Thread" daemon [_thread_blocked, id=29808, stack(0x00000007f1c00000,0x00000007f1d00000)]
  0x000001397f62ea50 JavaThread "Monitor Deflation Thread" daemon [_thread_blocked, id=14772, stack(0x00000007f1d00000,0x00000007f1e00000)]
  0x000001390685f2d0 JavaThread "C2 CompilerThread0" daemon [_thread_in_native, id=11580, stack(0x00000007f1e00000,0x00000007f1f00000)]
  0x0000013906860180 JavaThread "C1 CompilerThread0" daemon [_thread_blocked, id=2720, stack(0x00000007f1f00000,0x00000007f2000000)]
  0x0000013906868b80 JavaThread "Sweeper thread" daemon [_thread_blocked, id=12480, stack(0x00000007f2000000,0x00000007f2100000)]
  0x00000139069a3c10 JavaThread "Common-Cleaner" daemon [_thread_blocked, id=11868, stack(0x00000007f2100000,0x00000007f2200000)]
  0x0000013906b7e750 JavaThread "Monitor Ctrl-Break" daemon [_thread_in_native, id=30120, stack(0x00000007f2200000,0x00000007f2300000)]
  0x0000013906ed2b70 JavaThread "Notification Thread" daemon [_thread_blocked, id=16584, stack(0x00000007f2300000,0x00000007f2400000)]
=>0x000001390715ec30 JavaThread "C2 CompilerThread1" daemon [_thread_in_native, id=16336, stack(0x00000007f2800000,0x00000007f2900000)]

Other Threads:
  0x000001397f5f0000 VMThread "VM Thread" [stack: 0x00000007f1700000,0x00000007f1800000] [id=22832]
  0x0000013961269bd0 WatcherThread [stack: 0x00000007f2400000,0x00000007f2500000] [id=4276]
  0x000001396124f9d0 GCTaskThread "GC Thread#0" [stack: 0x00000007f1200000,0x00000007f1300000] [id=27204]
  0x00000139072b8710 GCTaskThread "GC Thread#1" [stack: 0x00000007f2500000,0x00000007f2600000] [id=21120]
  0x00000139072b89c0 GCTaskThread "GC Thread#2" [stack: 0x00000007f2600000,0x00000007f2700000] [id=16284]
  0x000001390717f2d0 GCTaskThread "GC Thread#3" [stack: 0x00000007f2700000,0x00000007f2800000] [id=13160]
  0x000001396119df20 ConcurrentGCThread "G1 Main Marker" [stack: 0x00000007f1300000,0x00000007f1400000] [id=24240]
  0x000001396125c920 ConcurrentGCThread "G1 Conc#0" [stack: 0x00000007f1400000,0x00000007f1500000] [id=13452]
  0x000001397f4920c0 ConcurrentGCThread "G1 Refine#0" [stack: 0x00000007f1500000,0x00000007f1600000] [id=12388]
  0x000001397f493990 ConcurrentGCThread "G1 Service" [stack: 0x00000007f1600000,0x00000007f1700000] [id=28884]

Threads with active compile tasks:
C2 CompilerThread0     1463  954   !   4       jdk.internal.loader.URLClassPath$JarLoader::getResource (354 bytes)
C2 CompilerThread1     1464  986       4       jdk.internal.util.jar.JarIndex::get (49 bytes)

VM state: not at safepoint (normal execution)

VM Mutex/Monitor currently owned by a thread: None

Heap address: 0x00000004d6600000, size: 4070 MB, Compressed Oops mode: Zero based, Oop shift amount: 3

CDS archive(s) not mapped
Compressed class space mapped at: 0x00000005d4c00000-0x0000000614c00000, reserved size: 1073741824
Narrow klass base: 0x0000000000000000, Narrow klass shift: 3, Narrow klass range: 0x614c00000

GC Precious Log:
 CPUs: 4 total, 4 available
 Memory: 16275M
 Large Page Support: Disabled
 NUMA Support: Disabled
 Compressed Oops: Enabled (Zero based)
 Heap Region Size: 2M
 Heap Min Capacity: 8M
 Heap Initial Capacity: 256M
 Heap Max Capacity: 4070M
 Pre-touch: Disabled
 Parallel Workers: 4
 Concurrent Workers: 1
 Concurrent Refinement Workers: 4
 Periodic GC: Disabled

Heap:
 garbage-first heap   total 262144K, used 5575K [0x00000004d6600000, 0x00000005d4c00000)
  region size 2048K, 2 young (4096K), 1 survivors (2048K)
 Metaspace       used 14200K, committed 14336K, reserved 1064960K
  class space    used 1410K, committed 1472K, reserved 1048576K

Heap Regions: E=young(eden), S=young(survivor), O=old, HS=humongous(starts), HC=humongous(continues), CS=collection set, F=free, OA=open archive, CA=closed archive, TAMS=top-at-mark-start (previous, next)
|   0|0x00000004d6600000, 0x00000004d6800000, 0x00000004d6800000|100%| O|  |TAMS 0x00000004d6600000, 0x00000004d6600000| Untracked 
|   1|0x00000004d6800000, 0x00000004d6a00000, 0x00000004d6a00000|100%| O|  |TAMS 0x00000004d6800000, 0x00000004d6800000| Untracked 
|   2|0x00000004d6a00000, 0x00000004d6a8d000, 0x00000004d6c00000| 27%| O|  |TAMS 0x00000004d6a00000, 0x00000004d6a00000| Untracked 
|   3|0x00000004d6c00000, 0x00000004d6c00000, 0x00000004d6e00000|  0%| F|  |TAMS 0x00000004d6c00000, 0x00000004d6c00000| Untracked 
|   4|0x00000004d6e00000, 0x00000004d6e00000, 0x00000004d7000000|  0%| F|  |TAMS 0x00000004d6e00000, 0x00000004d6e00000| Untracked 
|   5|0x00000004d7000000, 0x00000004d7000000, 0x00000004d7200000|  0%| F|  |TAMS 0x00000004d7000000, 0x00000004d7000000| Untracked 
|   6|0x00000004d7200000, 0x00000004d7200000, 0x00000004d7400000|  0%| F|  |TAMS 0x00000004d7200000, 0x00000004d7200000| Untracked 
|   7|0x00000004d7400000, 0x00000004d7400000, 0x00000004d7600000|  0%| F|  |TAMS 0x00000004d7400000, 0x00000004d7400000| Untracked 
|   8|0x00000004d7600000, 0x00000004d7600000, 0x00000004d7800000|  0%| F|  |TAMS 0x00000004d7600000, 0x00000004d7600000| Untracked 
|   9|0x00000004d7800000, 0x00000004d7800000, 0x00000004d7a00000|  0%| F|  |TAMS 0x00000004d7800000, 0x00000004d7800000| Untracked 
|  10|0x00000004d7a00000, 0x00000004d7a00000, 0x00000004d7c00000|  0%| F|  |TAMS 0x00000004d7a00000, 0x00000004d7a00000| Untracked 
|  11|0x00000004d7c00000, 0x00000004d7c00000, 0x00000004d7e00000|  0%| F|  |TAMS 0x00000004d7c00000, 0x00000004d7c00000| Untracked 
|  12|0x00000004d7e00000, 0x00000004d7e00000, 0x00000004d8000000|  0%| F|  |TAMS 0x00000004d7e00000, 0x00000004d7e00000| Untracked 
|  13|0x00000004d8000000, 0x00000004d8000000, 0x00000004d8200000|  0%| F|  |TAMS 0x00000004d8000000, 0x00000004d8000000| Untracked 
|  14|0x00000004d8200000, 0x00000004d8200000, 0x00000004d8400000|  0%| F|  |TAMS 0x00000004d8200000, 0x00000004d8200000| Untracked 
|  15|0x00000004d8400000, 0x00000004d8400000, 0x00000004d8600000|  0%| F|  |TAMS 0x00000004d8400000, 0x00000004d8400000| Untracked 
|  16|0x00000004d8600000, 0x00000004d8600000, 0x00000004d8800000|  0%| F|  |TAMS 0x00000004d8600000, 0x00000004d8600000| Untracked 
|  17|0x00000004d8800000, 0x00000004d8800000, 0x00000004d8a00000|  0%| F|  |TAMS 0x00000004d8800000, 0x00000004d8800000| Untracked 
|  18|0x00000004d8a00000, 0x00000004d8a00000, 0x00000004d8c00000|  0%| F|  |TAMS 0x00000004d8a00000, 0x00000004d8a00000| Untracked 
|  19|0x00000004d8c00000, 0x00000004d8c00000, 0x00000004d8e00000|  0%| F|  |TAMS 0x00000004d8c00000, 0x00000004d8c00000| Untracked 
|  20|0x00000004d8e00000, 0x00000004d8e00000, 0x00000004d9000000|  0%| F|  |TAMS 0x00000004d8e00000, 0x00000004d8e00000| Untracked 
|  21|0x00000004d9000000, 0x00000004d9000000, 0x00000004d9200000|  0%| F|  |TAMS 0x00000004d9000000, 0x00000004d9000000| Untracked 
|  22|0x00000004d9200000, 0x00000004d9200000, 0x00000004d9400000|  0%| F|  |TAMS 0x00000004d9200000, 0x00000004d9200000| Untracked 
|  23|0x00000004d9400000, 0x00000004d9400000, 0x00000004d9600000|  0%| F|  |TAMS 0x00000004d9400000, 0x00000004d9400000| Untracked 
|  24|0x00000004d9600000, 0x00000004d9600000, 0x00000004d9800000|  0%| F|  |TAMS 0x00000004d9600000, 0x00000004d9600000| Untracked 
|  25|0x00000004d9800000, 0x00000004d9800000, 0x00000004d9a00000|  0%| F|  |TAMS 0x00000004d9800000, 0x00000004d9800000| Untracked 
|  26|0x00000004d9a00000, 0x00000004d9a00000, 0x00000004d9c00000|  0%| F|  |TAMS 0x00000004d9a00000, 0x00000004d9a00000| Untracked 
|  27|0x00000004d9c00000, 0x00000004d9c00000, 0x00000004d9e00000|  0%| F|  |TAMS 0x00000004d9c00000, 0x00000004d9c00000| Untracked 
|  28|0x00000004d9e00000, 0x00000004d9e00000, 0x00000004da000000|  0%| F|  |TAMS 0x00000004d9e00000, 0x00000004d9e00000| Untracked 
|  29|0x00000004da000000, 0x00000004da000000, 0x00000004da200000|  0%| F|  |TAMS 0x00000004da000000, 0x00000004da000000| Untracked 
|  30|0x00000004da200000, 0x00000004da200000, 0x00000004da400000|  0%| F|  |TAMS 0x00000004da200000, 0x00000004da200000| Untracked 
|  31|0x00000004da400000, 0x00000004da400000, 0x00000004da600000|  0%| F|  |TAMS 0x00000004da400000, 0x00000004da400000| Untracked 
|  32|0x00000004da600000, 0x00000004da600000, 0x00000004da800000|  0%| F|  |TAMS 0x00000004da600000, 0x00000004da600000| Untracked 
|  33|0x00000004da800000, 0x00000004da800000, 0x00000004daa00000|  0%| F|  |TAMS 0x00000004da800000, 0x00000004da800000| Untracked 
|  34|0x00000004daa00000, 0x00000004daa00000, 0x00000004dac00000|  0%| F|  |TAMS 0x00000004daa00000, 0x00000004daa00000| Untracked 
|  35|0x00000004dac00000, 0x00000004dac00000, 0x00000004dae00000|  0%| F|  |TAMS 0x00000004dac00000, 0x00000004dac00000| Untracked 
|  36|0x00000004dae00000, 0x00000004dae00000, 0x00000004db000000|  0%| F|  |TAMS 0x00000004dae00000, 0x00000004dae00000| Untracked 
|  37|0x00000004db000000, 0x00000004db000000, 0x00000004db200000|  0%| F|  |TAMS 0x00000004db000000, 0x00000004db000000| Untracked 
|  38|0x00000004db200000, 0x00000004db200000, 0x00000004db400000|  0%| F|  |TAMS 0x00000004db200000, 0x00000004db200000| Untracked 
|  39|0x00000004db400000, 0x00000004db400000, 0x00000004db600000|  0%| F|  |TAMS 0x00000004db400000, 0x00000004db400000| Untracked 
|  40|0x00000004db600000, 0x00000004db600000, 0x00000004db800000|  0%| F|  |TAMS 0x00000004db600000, 0x00000004db600000| Untracked 
|  41|0x00000004db800000, 0x00000004db800000, 0x00000004dba00000|  0%| F|  |TAMS 0x00000004db800000, 0x00000004db800000| Untracked 
|  42|0x00000004dba00000, 0x00000004dba00000, 0x00000004dbc00000|  0%| F|  |TAMS 0x00000004dba00000, 0x00000004dba00000| Untracked 
|  43|0x00000004dbc00000, 0x00000004dbc00000, 0x00000004dbe00000|  0%| F|  |TAMS 0x00000004dbc00000, 0x00000004dbc00000| Untracked 
|  44|0x00000004dbe00000, 0x00000004dbe00000, 0x00000004dc000000|  0%| F|  |TAMS 0x00000004dbe00000, 0x00000004dbe00000| Untracked 
|  45|0x00000004dc000000, 0x00000004dc000000, 0x00000004dc200000|  0%| F|  |TAMS 0x00000004dc000000, 0x00000004dc000000| Untracked 
|  46|0x00000004dc200000, 0x00000004dc200000, 0x00000004dc400000|  0%| F|  |TAMS 0x00000004dc200000, 0x00000004dc200000| Untracked 
|  47|0x00000004dc400000, 0x00000004dc400000, 0x00000004dc600000|  0%| F|  |TAMS 0x00000004dc400000, 0x00000004dc400000| Untracked 
|  48|0x00000004dc600000, 0x00000004dc600000, 0x00000004dc800000|  0%| F|  |TAMS 0x00000004dc600000, 0x00000004dc600000| Untracked 
|  49|0x00000004dc800000, 0x00000004dc800000, 0x00000004dca00000|  0%| F|  |TAMS 0x00000004dc800000, 0x00000004dc800000| Untracked 
|  50|0x00000004dca00000, 0x00000004dca00000, 0x00000004dcc00000|  0%| F|  |TAMS 0x00000004dca00000, 0x00000004dca00000| Untracked 
|  51|0x00000004dcc00000, 0x00000004dcc00000, 0x00000004dce00000|  0%| F|  |TAMS 0x00000004dcc00000, 0x00000004dcc00000| Untracked 
|  52|0x00000004dce00000, 0x00000004dce00000, 0x00000004dd000000|  0%| F|  |TAMS 0x00000004dce00000, 0x00000004dce00000| Untracked 
|  53|0x00000004dd000000, 0x00000004dd000000, 0x00000004dd200000|  0%| F|  |TAMS 0x00000004dd000000, 0x00000004dd000000| Untracked 
|  54|0x00000004dd200000, 0x00000004dd200000, 0x00000004dd400000|  0%| F|  |TAMS 0x00000004dd200000, 0x00000004dd200000| Untracked 
|  55|0x00000004dd400000, 0x00000004dd400000, 0x00000004dd600000|  0%| F|  |TAMS 0x00000004dd400000, 0x00000004dd400000| Untracked 
|  56|0x00000004dd600000, 0x00000004dd600000, 0x00000004dd800000|  0%| F|  |TAMS 0x00000004dd600000, 0x00000004dd600000| Untracked 
|  57|0x00000004dd800000, 0x00000004dd800000, 0x00000004dda00000|  0%| F|  |TAMS 0x00000004dd800000, 0x00000004dd800000| Untracked 
|  58|0x00000004dda00000, 0x00000004dda00000, 0x00000004ddc00000|  0%| F|  |TAMS 0x00000004dda00000, 0x00000004dda00000| Untracked 
|  59|0x00000004ddc00000, 0x00000004ddc00000, 0x00000004dde00000|  0%| F|  |TAMS 0x00000004ddc00000, 0x00000004ddc00000| Untracked 
|  60|0x00000004dde00000, 0x00000004dde00000, 0x00000004de000000|  0%| F|  |TAMS 0x00000004dde00000, 0x00000004dde00000| Untracked 
|  61|0x00000004de000000, 0x00000004de000000, 0x00000004de200000|  0%| F|  |TAMS 0x00000004de000000, 0x00000004de000000| Untracked 
|  62|0x00000004de200000, 0x00000004de200000, 0x00000004de400000|  0%| F|  |TAMS 0x00000004de200000, 0x00000004de200000| Untracked 
|  63|0x00000004de400000, 0x00000004de400000, 0x00000004de600000|  0%| F|  |TAMS 0x00000004de400000, 0x00000004de400000| Untracked 
|  64|0x00000004de600000, 0x00000004de600000, 0x00000004de800000|  0%| F|  |TAMS 0x00000004de600000, 0x00000004de600000| Untracked 
|  65|0x00000004de800000, 0x00000004de800000, 0x00000004dea00000|  0%| F|  |TAMS 0x00000004de800000, 0x00000004de800000| Untracked 
|  66|0x00000004dea00000, 0x00000004dea00000, 0x00000004dec00000|  0%| F|  |TAMS 0x00000004dea00000, 0x00000004dea00000| Untracked 
|  67|0x00000004dec00000, 0x00000004dec00000, 0x00000004dee00000|  0%| F|  |TAMS 0x00000004dec00000, 0x00000004dec00000| Untracked 
|  68|0x00000004dee00000, 0x00000004dee00000, 0x00000004df000000|  0%| F|  |TAMS 0x00000004dee00000, 0x00000004dee00000| Untracked 
|  69|0x00000004df000000, 0x00000004df000000, 0x00000004df200000|  0%| F|  |TAMS 0x00000004df000000, 0x00000004df000000| Untracked 
|  70|0x00000004df200000, 0x00000004df200000, 0x00000004df400000|  0%| F|  |TAMS 0x00000004df200000, 0x00000004df200000| Untracked 
|  71|0x00000004df400000, 0x00000004df400000, 0x00000004df600000|  0%| F|  |TAMS 0x00000004df400000, 0x00000004df400000| Untracked 
|  72|0x00000004df600000, 0x00000004df600000, 0x00000004df800000|  0%| F|  |TAMS 0x00000004df600000, 0x00000004df600000| Untracked 
|  73|0x00000004df800000, 0x00000004df800000, 0x00000004dfa00000|  0%| F|  |TAMS 0x00000004df800000, 0x00000004df800000| Untracked 
|  74|0x00000004dfa00000, 0x00000004dfa00000, 0x00000004dfc00000|  0%| F|  |TAMS 0x00000004dfa00000, 0x00000004dfa00000| Untracked 
|  75|0x00000004dfc00000, 0x00000004dfc00000, 0x00000004dfe00000|  0%| F|  |TAMS 0x00000004dfc00000, 0x00000004dfc00000| Untracked 
|  76|0x00000004dfe00000, 0x00000004dfe00000, 0x00000004e0000000|  0%| F|  |TAMS 0x00000004dfe00000, 0x00000004dfe00000| Untracked 
|  77|0x00000004e0000000, 0x00000004e0000000, 0x00000004e0200000|  0%| F|  |TAMS 0x00000004e0000000, 0x00000004e0000000| Untracked 
|  78|0x00000004e0200000, 0x00000004e0200000, 0x00000004e0400000|  0%| F|  |TAMS 0x00000004e0200000, 0x00000004e0200000| Untracked 
|  79|0x00000004e0400000, 0x00000004e0400000, 0x00000004e0600000|  0%| F|  |TAMS 0x00000004e0400000, 0x00000004e0400000| Untracked 
|  80|0x00000004e0600000, 0x00000004e0600000, 0x00000004e0800000|  0%| F|  |TAMS 0x00000004e0600000, 0x00000004e0600000| Untracked 
|  81|0x00000004e0800000, 0x00000004e0800000, 0x00000004e0a00000|  0%| F|  |TAMS 0x00000004e0800000, 0x00000004e0800000| Untracked 
|  82|0x00000004e0a00000, 0x00000004e0a00000, 0x00000004e0c00000|  0%| F|  |TAMS 0x00000004e0a00000, 0x00000004e0a00000| Untracked 
|  83|0x00000004e0c00000, 0x00000004e0c00000, 0x00000004e0e00000|  0%| F|  |TAMS 0x00000004e0c00000, 0x00000004e0c00000| Untracked 
|  84|0x00000004e0e00000, 0x00000004e0e00000, 0x00000004e1000000|  0%| F|  |TAMS 0x00000004e0e00000, 0x00000004e0e00000| Untracked 
|  85|0x00000004e1000000, 0x00000004e1000000, 0x00000004e1200000|  0%| F|  |TAMS 0x00000004e1000000, 0x00000004e1000000| Untracked 
|  86|0x00000004e1200000, 0x00000004e1200000, 0x00000004e1400000|  0%| F|  |TAMS 0x00000004e1200000, 0x00000004e1200000| Untracked 
|  87|0x00000004e1400000, 0x00000004e1400000, 0x00000004e1600000|  0%| F|  |TAMS 0x00000004e1400000, 0x00000004e1400000| Untracked 
|  88|0x00000004e1600000, 0x00000004e1600000, 0x00000004e1800000|  0%| F|  |TAMS 0x00000004e1600000, 0x00000004e1600000| Untracked 
|  89|0x00000004e1800000, 0x00000004e1800000, 0x00000004e1a00000|  0%| F|  |TAMS 0x00000004e1800000, 0x00000004e1800000| Untracked 
|  90|0x00000004e1a00000, 0x00000004e1a00000, 0x00000004e1c00000|  0%| F|  |TAMS 0x00000004e1a00000, 0x00000004e1a00000| Untracked 
|  91|0x00000004e1c00000, 0x00000004e1c00000, 0x00000004e1e00000|  0%| F|  |TAMS 0x00000004e1c00000, 0x00000004e1c00000| Untracked 
|  92|0x00000004e1e00000, 0x00000004e1e00000, 0x00000004e2000000|  0%| F|  |TAMS 0x00000004e1e00000, 0x00000004e1e00000| Untracked 
|  93|0x00000004e2000000, 0x00000004e2000000, 0x00000004e2200000|  0%| F|  |TAMS 0x00000004e2000000, 0x00000004e2000000| Untracked 
|  94|0x00000004e2200000, 0x00000004e2200000, 0x00000004e2400000|  0%| F|  |TAMS 0x00000004e2200000, 0x00000004e2200000| Untracked 
|  95|0x00000004e2400000, 0x00000004e2400000, 0x00000004e2600000|  0%| F|  |TAMS 0x00000004e2400000, 0x00000004e2400000| Untracked 
|  96|0x00000004e2600000, 0x00000004e2600000, 0x00000004e2800000|  0%| F|  |TAMS 0x00000004e2600000, 0x00000004e2600000| Untracked 
|  97|0x00000004e2800000, 0x00000004e2800000, 0x00000004e2a00000|  0%| F|  |TAMS 0x00000004e2800000, 0x00000004e2800000| Untracked 
|  98|0x00000004e2a00000, 0x00000004e2a00000, 0x00000004e2c00000|  0%| F|  |TAMS 0x00000004e2a00000, 0x00000004e2a00000| Untracked 
|  99|0x00000004e2c00000, 0x00000004e2c00000, 0x00000004e2e00000|  0%| F|  |TAMS 0x00000004e2c00000, 0x00000004e2c00000| Untracked 
| 100|0x00000004e2e00000, 0x00000004e2e00000, 0x00000004e3000000|  0%| F|  |TAMS 0x00000004e2e00000, 0x00000004e2e00000| Untracked 
| 101|0x00000004e3000000, 0x00000004e3000000, 0x00000004e3200000|  0%| F|  |TAMS 0x00000004e3000000, 0x00000004e3000000| Untracked 
| 102|0x00000004e3200000, 0x00000004e3200000, 0x00000004e3400000|  0%| F|  |TAMS 0x00000004e3200000, 0x00000004e3200000| Untracked 
| 103|0x00000004e3400000, 0x00000004e3400000, 0x00000004e3600000|  0%| F|  |TAMS 0x00000004e3400000, 0x00000004e3400000| Untracked 
| 104|0x00000004e3600000, 0x00000004e3600000, 0x00000004e3800000|  0%| F|  |TAMS 0x00000004e3600000, 0x00000004e3600000| Untracked 
| 105|0x00000004e3800000, 0x00000004e3800000, 0x00000004e3a00000|  0%| F|  |TAMS 0x00000004e3800000, 0x00000004e3800000| Untracked 
| 106|0x00000004e3a00000, 0x00000004e3a00000, 0x00000004e3c00000|  0%| F|  |TAMS 0x00000004e3a00000, 0x00000004e3a00000| Untracked 
| 107|0x00000004e3c00000, 0x00000004e3c00000, 0x00000004e3e00000|  0%| F|  |TAMS 0x00000004e3c00000, 0x00000004e3c00000| Untracked 
| 108|0x00000004e3e00000, 0x00000004e3e00000, 0x00000004e4000000|  0%| F|  |TAMS 0x00000004e3e00000, 0x00000004e3e00000| Untracked 
| 109|0x00000004e4000000, 0x00000004e4000000, 0x00000004e4200000|  0%| F|  |TAMS 0x00000004e4000000, 0x00000004e4000000| Untracked 
| 110|0x00000004e4200000, 0x00000004e4200000, 0x00000004e4400000|  0%| F|  |TAMS 0x00000004e4200000, 0x00000004e4200000| Untracked 
| 111|0x00000004e4400000, 0x00000004e4400000, 0x00000004e4600000|  0%| F|  |TAMS 0x00000004e4400000, 0x00000004e4400000| Untracked 
| 112|0x00000004e4600000, 0x00000004e4600000, 0x00000004e4800000|  0%| F|  |TAMS 0x00000004e4600000, 0x00000004e4600000| Untracked 
| 113|0x00000004e4800000, 0x00000004e4800000, 0x00000004e4a00000|  0%| F|  |TAMS 0x00000004e4800000, 0x00000004e4800000| Untracked 
| 114|0x00000004e4a00000, 0x00000004e4a00000, 0x00000004e4c00000|  0%| F|  |TAMS 0x00000004e4a00000, 0x00000004e4a00000| Untracked 
| 115|0x00000004e4c00000, 0x00000004e4c00000, 0x00000004e4e00000|  0%| F|  |TAMS 0x00000004e4c00000, 0x00000004e4c00000| Untracked 
| 116|0x00000004e4e00000, 0x00000004e4e00000, 0x00000004e5000000|  0%| F|  |TAMS 0x00000004e4e00000, 0x00000004e4e00000| Untracked 
| 117|0x00000004e5000000, 0x00000004e5000000, 0x00000004e5200000|  0%| F|  |TAMS 0x00000004e5000000, 0x00000004e5000000| Untracked 
| 118|0x00000004e5200000, 0x00000004e5200000, 0x00000004e5400000|  0%| F|  |TAMS 0x00000004e5200000, 0x00000004e5200000| Untracked 
| 119|0x00000004e5400000, 0x00000004e5400000, 0x00000004e5600000|  0%| F|  |TAMS 0x00000004e5400000, 0x00000004e5400000| Untracked 
| 120|0x00000004e5600000, 0x00000004e5600000, 0x00000004e5800000|  0%| F|  |TAMS 0x00000004e5600000, 0x00000004e5600000| Untracked 
| 121|0x00000004e5800000, 0x00000004e5800000, 0x00000004e5a00000|  0%| F|  |TAMS 0x00000004e5800000, 0x00000004e5800000| Untracked 
| 122|0x00000004e5a00000, 0x00000004e5ae4ec0, 0x00000004e5c00000| 44%| S|CS|TAMS 0x00000004e5a00000, 0x00000004e5a00000| Complete 
| 123|0x00000004e5c00000, 0x00000004e5c00000, 0x00000004e5e00000|  0%| F|  |TAMS 0x00000004e5c00000, 0x00000004e5c00000| Untracked 
| 124|0x00000004e5e00000, 0x00000004e5e00000, 0x00000004e6000000|  0%| F|  |TAMS 0x00000004e5e00000, 0x00000004e5e00000| Untracked 
| 125|0x00000004e6000000, 0x00000004e6000000, 0x00000004e6200000|  0%| F|  |TAMS 0x00000004e6000000, 0x00000004e6000000| Untracked 
| 126|0x00000004e6200000, 0x00000004e6200000, 0x00000004e6400000|  0%| F|  |TAMS 0x00000004e6200000, 0x00000004e6200000| Untracked 
| 127|0x00000004e6400000, 0x00000004e64fde98, 0x00000004e6600000| 49%| E|  |TAMS 0x00000004e6400000, 0x00000004e6400000| Complete 

Card table byte_map: [0x000001397a000000,0x000001397a800000] _byte_map_base: 0x000001397794d000

Marking Bits (Prev, Next): (CMBitMap*) 0x000001396124ffe0, (CMBitMap*) 0x0000013961250020
 Prev Bits: [0x000001397b000000, 0x000001397ef98000)
 Next Bits: [0x0000013900000000, 0x0000013903f98000)

Polling page: 0x00000139612d0000

Metaspace:

Usage:
  Non-class:     12.54 MB used.
      Class:      1.38 MB used.
       Both:     13.92 MB used.

Virtual space:
  Non-class space:       16.00 MB reserved,      12.62 MB ( 79%) committed,  2 nodes.
      Class space:        1.00 GB reserved,       1.44 MB ( <1%) committed,  1 nodes.
             Both:        1.02 GB reserved,      14.06 MB (  1%) committed. 

Chunk freelists:
   Non-Class:  2.52 MB
       Class:  2.44 MB
        Both:  4.95 MB

MaxMetaspaceSize: unlimited
CompressedClassSpaceSize: 1.00 GB
Initial GC threshold: 21.00 MB
Current GC threshold: 21.00 MB
CDS: off
MetaspaceReclaimPolicy: balanced
 - commit_granule_bytes: 65536.
 - commit_granule_words: 8192.
 - virtual_space_node_default_size: 1048576.
 - enlarge_chunks_in_place: 1.
 - new_chunks_are_fully_committed: 0.
 - uncommit_free_chunks: 1.
 - use_allocation_guard: 0.
 - handle_deallocations: 1.


Internal statistics:

num_allocs_failed_limit: 0.
num_arena_births: 80.
num_arena_deaths: 0.
num_vsnodes_births: 3.
num_vsnodes_deaths: 0.
num_space_committed: 226.
num_space_uncommitted: 0.
num_chunks_returned_to_freelist: 0.
num_chunks_taken_from_freelist: 249.
num_chunk_merges: 0.
num_chunk_splits: 147.
num_chunks_enlarged: 113.
num_purges: 0.
num_inconsistent_stats: 0.

CodeHeap 'non-profiled nmethods': size=120000Kb used=373Kb max_used=373Kb free=119627Kb
 bounds [0x0000013971ca0000, 0x0000013971f10000, 0x00000139791d0000]
CodeHeap 'profiled nmethods': size=120000Kb used=1940Kb max_used=1940Kb free=118059Kb
 bounds [0x000001396a770000, 0x000001396a9e0000, 0x0000013971ca0000]
CodeHeap 'non-nmethods': size=5760Kb used=1146Kb max_used=1166Kb free=4613Kb
 bounds [0x000001396a1d0000, 0x000001396a440000, 0x000001396a770000]
 total_blobs=1490 nmethods=1057 adapters=346
 compilation: enabled
              stopped_count=0, restarted_count=0
 full_count=0

Compilation events (20 events):
Event: 1.366 Thread 0x0000013906860180 1000       1       org.springframework.core.ResolvableType$DefaultVariableResolver::getSource (5 bytes)
Event: 1.366 Thread 0x0000013906860180 nmethod 1000 0x0000013971cfa490 code [0x0000013971cfa620, 0x0000013971cfa6f8]
Event: 1.367 Thread 0x0000013906860180 1002       3       java.util.EnumSet::typeCheck (59 bytes)
Event: 1.368 Thread 0x0000013906860180 nmethod 1002 0x000001396a939110 code [0x000001396a9393c0, 0x000001396a939e98]
Event: 1.368 Thread 0x0000013906860180 1007       3       java.lang.ClassLoader::getDefinedPackage (36 bytes)
Event: 1.369 Thread 0x0000013906860180 nmethod 1007 0x000001396a93a290 code [0x000001396a93a480, 0x000001396a93a9e8]
Event: 1.369 Thread 0x0000013906860180 1003       3       jdk.internal.loader.URLClassPath$JarLoader$2::getManifest (26 bytes)
Event: 1.370 Thread 0x0000013906860180 nmethod 1003 0x000001396a93ac10 code [0x000001396a93ae40, 0x000001396a93b4c8]
Event: 1.370 Thread 0x0000013906860180 1004       3       java.util.jar.JavaUtilJarAccessImpl::ensureInitialization (5 bytes)
Event: 1.370 Thread 0x0000013906860180 nmethod 1004 0x000001396a93b810 code [0x000001396a93b9c0, 0x000001396a93bb88]
Event: 1.370 Thread 0x0000013906860180 1005  s!   3       java.util.jar.JarFile::ensureInitialization (74 bytes)
Event: 1.371 Thread 0x0000013906860180 nmethod 1005 0x000001396a93bc90 code [0x000001396a93bea0, 0x000001396a93c4b8]
Event: 1.371 Thread 0x0000013906860180 1006       3       java.util.jar.JarFile::getManifest (5 bytes)
Event: 1.371 Thread 0x0000013906860180 nmethod 1006 0x000001396a93c690 code [0x000001396a93c820, 0x000001396a93c968]
Event: 1.371 Thread 0x0000013906860180 1008       3       java.util.jar.Manifest::getAttributes (14 bytes)
Event: 1.371 Thread 0x0000013906860180 nmethod 1008 0x000001396a93ca10 code [0x000001396a93cbc0, 0x000001396a93cea8]
Event: 1.371 Thread 0x0000013906860180 1009       3       jdk.internal.loader.URLClassPath$JarLoader$2::getInputStream (15 bytes)
Event: 1.371 Thread 0x0000013906860180 nmethod 1009 0x000001396a93cf90 code [0x000001396a93d140, 0x000001396a93d328]
Event: 1.371 Thread 0x0000013906860180 1010       3       jdk.internal.loader.URLClassPath$JarLoader$2::getBytes (48 bytes)
Event: 1.372 Thread 0x0000013906860180 nmethod 1010 0x000001396a93d410 code [0x000001396a93d600, 0x000001396a93dd08]

GC Heap History (2 events):
Event: 0.921 GC heap before
{Heap before GC invocations=0 (full 0):
 garbage-first heap   total 262144K, used 10240K [0x00000004d6600000, 0x00000005d4c00000)
  region size 2048K, 6 young (12288K), 0 survivors (0K)
 Metaspace       used 10548K, committed 10752K, reserved 1064960K
  class space    used 943K, committed 1024K, reserved 1048576K
}
Event: 0.931 GC heap after
{Heap after GC invocations=1 (full 0):
 garbage-first heap   total 262144K, used 4486K [0x00000004d6600000, 0x00000005d4c00000)
  region size 2048K, 1 young (2048K), 1 survivors (2048K)
 Metaspace       used 10548K, committed 10752K, reserved 1064960K
  class space    used 943K, committed 1024K, reserved 1048576K
}

Deoptimization events (20 events):
Event: 0.728 Thread 0x00000139612013e0 DEOPT PACKING pc=0x0000013971cc7e78 sp=0x00000007f11fc980
Event: 0.728 Thread 0x00000139612013e0 DEOPT UNPACKING pc=0x000001396a2223a3 sp=0x00000007f11fc8c0 mode 2
Event: 0.858 Thread 0x000001397f62d7e0 DEOPT PACKING pc=0x000001396a7b88be sp=0x00000007f1bfeb60
Event: 0.858 Thread 0x000001397f62d7e0 DEOPT UNPACKING pc=0x000001396a222b43 sp=0x00000007f1bfdfd8 mode 0
Event: 0.873 Thread 0x00000139612013e0 DEOPT PACKING pc=0x000001396a7b88be sp=0x00000007f11fd4f0
Event: 0.873 Thread 0x00000139612013e0 DEOPT UNPACKING pc=0x000001396a222b43 sp=0x00000007f11fc968 mode 0
Event: 0.968 Thread 0x00000139612013e0 Uncommon trap: trap_request=0xffffffde fr.pc=0x0000013971cc7698 relative=0x0000000000000458
Event: 0.968 Thread 0x00000139612013e0 Uncommon trap: reason=class_check action=maybe_recompile pc=0x0000013971cc7698 method=java.util.HashMap.getNode(Ljava/lang/Object;)Ljava/util/HashMap$Node; @ 128 c2
Event: 0.968 Thread 0x00000139612013e0 DEOPT PACKING pc=0x0000013971cc7698 sp=0x00000007f11fe430
Event: 0.968 Thread 0x00000139612013e0 DEOPT UNPACKING pc=0x000001396a2223a3 sp=0x00000007f11fe3a8 mode 2
Event: 1.152 Thread 0x00000139612013e0 Uncommon trap: trap_request=0xffffffde fr.pc=0x0000013971cd3a30 relative=0x0000000000001410
Event: 1.152 Thread 0x00000139612013e0 Uncommon trap: reason=class_check action=maybe_recompile pc=0x0000013971cd3a30 method=java.util.HashMap.putVal(ILjava/lang/Object;Ljava/lang/Object;ZZ)Ljava/lang/Object; @ 253 c2
Event: 1.152 Thread 0x00000139612013e0 DEOPT PACKING pc=0x0000013971cd3a30 sp=0x00000007f11fd750
Event: 1.152 Thread 0x00000139612013e0 DEOPT UNPACKING pc=0x000001396a2223a3 sp=0x00000007f11fd6a8 mode 2
Event: 1.181 Thread 0x00000139612013e0 Uncommon trap: trap_request=0xffffffde fr.pc=0x0000013971cd3a30 relative=0x0000000000001410
Event: 1.181 Thread 0x00000139612013e0 Uncommon trap: reason=class_check action=maybe_recompile pc=0x0000013971cd3a30 method=java.util.HashMap.putVal(ILjava/lang/Object;Ljava/lang/Object;ZZ)Ljava/lang/Object; @ 253 c2
Event: 1.181 Thread 0x00000139612013e0 DEOPT PACKING pc=0x0000013971cd3a30 sp=0x00000007f11fd750
Event: 1.181 Thread 0x00000139612013e0 DEOPT UNPACKING pc=0x000001396a2223a3 sp=0x00000007f11fd6a8 mode 2
Event: 1.281 Thread 0x00000139612013e0 DEOPT PACKING pc=0x000001396a7ffdc8 sp=0x00000007f11fd340
Event: 1.281 Thread 0x00000139612013e0 DEOPT UNPACKING pc=0x000001396a222b43 sp=0x00000007f11fc858 mode 0

Classes unloaded (0 events):
No events

Classes redefined (0 events):
No events

Internal exceptions (15 events):
Event: 0.541 Thread 0x0000013906b7e750 Exception <a 'java/lang/NoSuchMethodError'{0x00000004e5e1c350}: 'java.lang.Object java.lang.invoke.DirectMethodHandle$Holder.invokeStaticInit(java.lang.Object)'> (0x00000004e5e1c350) 
thrown [t:\workspace\open\src\hotspot\share\interpreter\linkResolver.cpp, line 766]
Event: 0.553 Thread 0x0000013906b7e750 Exception <a 'java/lang/NoSuchMethodError'{0x00000004e5e298f8}: 'void java.lang.invoke.DirectMethodHandle$Holder.invokeStatic(java.lang.Object, java.lang.Object)'> (0x00000004e5e298f8) 
thrown [t:\workspace\open\src\hotspot\share\interpreter\linkResolver.cpp, line 766]
Event: 0.726 Thread 0x00000139612013e0 Exception <a 'java/lang/ClassNotFoundException'{0x00000004e5cdbf98}: javax/smartcardio/CardPermission> (0x00000004e5cdbf98) 
thrown [t:\workspace\open\src\hotspot\share\classfile\systemDictionary.cpp, line 256]
Event: 0.732 Thread 0x00000139612013e0 Exception <a 'java/io/FileNotFoundException'{0x00000004e5cea510}> (0x00000004e5cea510) 
thrown [t:\workspace\open\src\hotspot\share\prims\jni.cpp, line 516]
Event: 0.919 Thread 0x00000139612013e0 Exception <a 'java/lang/NoSuchMethodError'{0x00000004e5becd38}: 'void java.lang.invoke.DirectMethodHandle$Holder.invokeStatic(java.lang.Object, java.lang.Object, java.lang.Object, java.lang.Object)'> (0x00000004e5becd38) 
thrown [t:\workspace\open\src\hotspot\share\interpreter\linkResolver.cpp, line 766]
Event: 1.000 Thread 0x00000139612013e0 Exception <a 'java/lang/NoSuchMethodError'{0x00000004e65465e0}: 'int java.lang.invoke.DirectMethodHandle$Holder.invokeStaticInit(java.lang.Object, java.lang.Object)'> (0x00000004e65465e0) 
thrown [t:\workspace\open\src\hotspot\share\interpreter\linkResolver.cpp, line 766]
Event: 1.114 Thread 0x00000139612013e0 Exception <a 'java/lang/NoSuchMethodError'{0x00000004e6342eb0}: 'java.lang.Object java.lang.invoke.DirectMethodHandle$Holder.invokeInterface(java.lang.Object, java.lang.Object)'> (0x00000004e6342eb0) 
thrown [t:\workspace\open\src\hotspot\share\interpreter\linkResolver.cpp, line 766]
Event: 1.120 Thread 0x00000139612013e0 Exception <a 'java/lang/NoSuchMethodError'{0x00000004e6377168}: 'void java.lang.invoke.DirectMethodHandle$Holder.invokeStatic(java.lang.Object, java.lang.Object, java.lang.Object)'> (0x00000004e6377168) 
thrown [t:\workspace\open\src\hotspot\share\interpreter\linkResolver.cpp, line 766]
Event: 1.123 Thread 0x00000139612013e0 Exception <a 'java/lang/NoSuchMethodError'{0x00000004e638db48}: 'java.lang.Object java.lang.invoke.DirectMethodHandle$Holder.invokeSpecialIFC(java.lang.Object, java.lang.Object, java.lang.Object, java.lang.Object)'> (0x00000004e638db48) 
thrown [t:\workspace\open\src\hotspot\share\interpreter\linkResolver.cpp, line 766]
Event: 1.126 Thread 0x00000139612013e0 Exception <a 'java/lang/NoSuchMethodError'{0x00000004e63aa968}: 'java.lang.Object java.lang.invoke.DirectMethodHandle$Holder.invokeInterface(java.lang.Object, java.lang.Object, java.lang.Object)'> (0x00000004e63aa968) 
thrown [t:\workspace\open\src\hotspot\share\interpreter\linkResolver.cpp, line 766]
Event: 1.155 Thread 0x00000139612013e0 Exception <a 'java/lang/NoSuchMethodError'{0x00000004e6076568}: 'int java.lang.invoke.DirectMethodHandle$Holder.invokeStaticInit(java.lang.Object, java.lang.Object, java.lang.Object)'> (0x00000004e6076568) 
thrown [t:\workspace\open\src\hotspot\share\interpreter\linkResolver.cpp, line 766]
Event: 1.161 Thread 0x00000139612013e0 Exception <a 'java/lang/NoSuchMethodError'{0x00000004e60a2140}: 'java.lang.Object java.lang.invoke.DirectMethodHandle$Holder.invokeVirtual(java.lang.Object, java.lang.Object, java.lang.Object)'> (0x00000004e60a2140) 
thrown [t:\workspace\open\src\hotspot\share\interpreter\linkResolver.cpp, line 766]
Event: 1.168 Thread 0x00000139612013e0 Exception <a 'java/lang/NoSuchMethodError'{0x00000004e60d5df0}: 'java.lang.Object java.lang.invoke.DirectMethodHandle$Holder.newInvokeSpecial(java.lang.Object, java.lang.Object, java.lang.Object, java.lang.Object, java.lang.Object)'> (0x00000004e60d5df0) 
thrown [t:\workspace\open\src\hotspot\share\interpreter\linkResolver.cpp, line 766]
Event: 1.179 Thread 0x00000139612013e0 Exception <a 'java/lang/NoSuchMethodError'{0x00000004e611b1f8}: 'java.lang.Object java.lang.invoke.DirectMethodHandle$Holder.invokeStaticInit(java.lang.Object, java.lang.Object, java.lang.Object)'> (0x00000004e611b1f8) 
thrown [t:\workspace\open\src\hotspot\share\interpreter\linkResolver.cpp, line 766]
Event: 1.215 Thread 0x00000139612013e0 Exception <a 'java/lang/IncompatibleClassChangeError'{0x00000004e61b2438}: Found class java.lang.Object, but interface was expected> (0x00000004e61b2438) 
thrown [t:\workspace\open\src\hotspot\share\interpreter\linkResolver.cpp, line 833]

VM Operations (10 events):
Event: 0.247 Executing VM operation: HandshakeAllThreads
Event: 0.247 Executing VM operation: HandshakeAllThreads done
Event: 0.536 Executing VM operation: HandshakeAllThreads
Event: 0.536 Executing VM operation: HandshakeAllThreads done
Event: 0.610 Executing VM operation: HandshakeAllThreads
Event: 0.610 Executing VM operation: HandshakeAllThreads done
Event: 0.921 Executing VM operation: G1CollectForAllocation
Event: 0.931 Executing VM operation: G1CollectForAllocation done
Event: 1.234 Executing VM operation: HandshakeAllThreads
Event: 1.234 Executing VM operation: HandshakeAllThreads done

Events (20 events):
Event: 1.348 loading class java/time/DateTimeException done
Event: 1.348 loading class java/time/format/DateTimeParseException done
Event: 1.350 loading class java/time/OffsetTime
Event: 1.351 loading class java/time/OffsetTime done
Event: 1.354 loading class java/time/Year
Event: 1.355 loading class java/time/Year done
Event: 1.356 loading class java/time/Month
Event: 1.356 loading class java/time/Month done
Event: 1.357 loading class java/time/YearMonth
Event: 1.357 loading class java/time/YearMonth done
Event: 1.358 loading class java/time/MonthDay
Event: 1.359 loading class java/time/MonthDay done
Event: 1.364 loading class sun/reflect/generics/tree/CharSignature
Event: 1.364 loading class sun/reflect/generics/tree/CharSignature done
Event: 1.364 loading class sun/reflect/generics/tree/ArrayTypeSignature
Event: 1.364 loading class sun/reflect/generics/tree/ArrayTypeSignature done
Event: 1.366 loading class java/net/UnknownHostException
Event: 1.366 loading class java/net/UnknownHostException done
Event: 1.387 loading class sun/reflect/generics/tree/ByteSignature
Event: 1.387 loading class sun/reflect/generics/tree/ByteSignature done


Dynamic libraries:
0x00007ff7582a0000 - 0x00007ff7582b0000 	C:\Program Files\Java\jdk-17.0.1\bin\java.exe
0x00007ff85eb90000 - 0x00007ff85ed88000 	C:\WINDOWS\SYSTEM32\ntdll.dll
0x00007ff85dba0000 - 0x00007ff85dc5f000 	C:\WINDOWS\System32\KERNEL32.DLL
0x00007ff85c6c0000 - 0x00007ff85c992000 	C:\WINDOWS\System32\KERNELBASE.dll
0x00007ff85c490000 - 0x00007ff85c590000 	C:\WINDOWS\System32\ucrtbase.dll
0x00007ff8411c0000 - 0x00007ff8411d8000 	C:\Program Files\Java\jdk-17.0.1\bin\jli.dll
0x00007ff85e7c0000 - 0x00007ff85e86e000 	C:\WINDOWS\System32\ADVAPI32.dll
0x00007ff85dfd0000 - 0x00007ff85e06e000 	C:\WINDOWS\System32\msvcrt.dll
0x00007ff85dc60000 - 0x00007ff85dcfc000 	C:\WINDOWS\System32\sechost.dll
0x00007ff85d2a0000 - 0x00007ff85d3c5000 	C:\WINDOWS\System32\RPCRT4.dll
0x00007ff85d9e0000 - 0x00007ff85db81000 	C:\WINDOWS\System32\USER32.dll
0x00007ff85c460000 - 0x00007ff85c482000 	C:\WINDOWS\System32\win32u.dll
0x00007ff85e8f0000 - 0x00007ff85e91b000 	C:\WINDOWS\System32\GDI32.dll
0x00007ff85c350000 - 0x00007ff85c45f000 	C:\WINDOWS\System32\gdi32full.dll
0x00007ff85c9a0000 - 0x00007ff85ca3d000 	C:\WINDOWS\System32\msvcp_win.dll
0x00007ff8411a0000 - 0x00007ff8411ba000 	C:\Program Files\Java\jdk-17.0.1\bin\VCRUNTIME140.dll
0x00007ff851820000 - 0x00007ff851aba000 	C:\WINDOWS\WinSxS\amd64_microsoft.windows.common-controls_6595b64144ccf1df_6.0.19041.1110_none_60b5254171f9507e\COMCTL32.dll
0x00007ff856ab0000 - 0x00007ff856aba000 	C:\WINDOWS\SYSTEM32\VERSION.dll
0x00007ff85df90000 - 0x00007ff85dfc2000 	C:\WINDOWS\System32\IMM32.DLL
0x00007ff849ab0000 - 0x00007ff849abc000 	C:\Program Files\Java\jdk-17.0.1\bin\vcruntime140_1.dll
0x00007ff837560000 - 0x00007ff8375ed000 	C:\Program Files\Java\jdk-17.0.1\bin\msvcp140.dll
0x00007ff802130000 - 0x00007ff802cee000 	C:\Program Files\Java\jdk-17.0.1\bin\server\jvm.dll
0x00007ff85e990000 - 0x00007ff85e998000 	C:\WINDOWS\System32\PSAPI.DLL
0x00007ff84eed0000 - 0x00007ff84eed9000 	C:\WINDOWS\SYSTEM32\WSOCK32.dll
0x00007ff84f280000 - 0x00007ff84f2a7000 	C:\WINDOWS\SYSTEM32\WINMM.dll
0x00007ff85e920000 - 0x00007ff85e98b000 	C:\WINDOWS\System32\WS2_32.dll
0x00007ff85aa90000 - 0x00007ff85aaa2000 	C:\WINDOWS\SYSTEM32\kernel.appcore.dll
0x00007ff849a70000 - 0x00007ff849a7a000 	C:\Program Files\Java\jdk-17.0.1\bin\jimage.dll
0x00007ff85a830000 - 0x00007ff85aa14000 	C:\WINDOWS\SYSTEM32\DBGHELP.DLL
0x00007ff856460000 - 0x00007ff856495000 	C:\WINDOWS\SYSTEM32\dbgcore.DLL
0x00007ff85c5c0000 - 0x00007ff85c642000 	C:\WINDOWS\System32\bcryptPrimitives.dll
0x00007ff8575f0000 - 0x00007ff8575fe000 	C:\Program Files\Java\jdk-17.0.1\bin\instrument.dll
0x00007ff82b840000 - 0x00007ff82b865000 	C:\Program Files\Java\jdk-17.0.1\bin\java.dll
0x00007ff816eb0000 - 0x00007ff816f86000 	C:\Program Files\Java\jdk-17.0.1\bin\svml.dll
0x00007ff85e070000 - 0x00007ff85e7b5000 	C:\WINDOWS\System32\SHELL32.dll
0x00007ff859fc0000 - 0x00007ff85a752000 	C:\WINDOWS\SYSTEM32\windows.storage.dll
0x00007ff85d3d0000 - 0x00007ff85d725000 	C:\WINDOWS\System32\combase.dll
0x00007ff85bbd0000 - 0x00007ff85bc00000 	C:\WINDOWS\SYSTEM32\Wldp.dll
0x00007ff85ea70000 - 0x00007ff85eb1d000 	C:\WINDOWS\System32\SHCORE.dll
0x00007ff85d010000 - 0x00007ff85d065000 	C:\WINDOWS\System32\shlwapi.dll
0x00007ff85c190000 - 0x00007ff85c1af000 	C:\WINDOWS\SYSTEM32\profapi.dll
0x00007ff841180000 - 0x00007ff841198000 	C:\Program Files\Java\jdk-17.0.1\bin\zip.dll
0x00007ff840dd0000 - 0x00007ff840de9000 	C:\Program Files\Java\jdk-17.0.1\bin\net.dll
0x00007ff855f20000 - 0x00007ff85602c000 	C:\WINDOWS\SYSTEM32\WINHTTP.dll
0x00007ff85b9b0000 - 0x00007ff85ba1a000 	C:\WINDOWS\system32\mswsock.dll
0x00007ff82f830000 - 0x00007ff82f845000 	C:\Program Files\Java\jdk-17.0.1\bin\nio.dll
0x00007ff8555c0000 - 0x00007ff8555da000 	C:\Program Files\JetBrains\IntelliJ IDEA Community Edition 2022.3.2\bin\breakgen64.dll

dbghelp: loaded successfully - version: 4.0.5 - missing functions: none
symbol engine: initialized successfully - sym options: 0x614 - pdb path: .;C:\Program Files\Java\jdk-17.0.1\bin;C:\WINDOWS\SYSTEM32;C:\WINDOWS\WinSxS\amd64_microsoft.windows.common-controls_6595b64144ccf1df_6.0.19041.1110_none_60b5254171f9507e;C:\Program Files\Java\jdk-17.0.1\bin\server;C:\Program Files\JetBrains\IntelliJ IDEA Community Edition 2022.3.2\bin

VM Arguments:
jvm_args: -javaagent:C:\Program Files\JetBrains\IntelliJ IDEA Community Edition 2022.3.2\lib\idea_rt.jar=16339:C:\Program Files\JetBrains\IntelliJ IDEA Community Edition 2022.3.2\bin -Dfile.encoding=UTF-8 
java_command: com.example.Ada966WebfluxApplication
java_class_path (initial): C:\Users\jkarv\Desktop\AULA_ADA\ProgramacaoWebIII\webIII-spring\ada-966-webflux\target\classes;C:\Users\jkarv\.m2\repository\org\springframework\boot\spring-boot-starter-webflux\3.0.3\spring-boot-starter-webflux-3.0.3.jar;C:\Users\jkarv\.m2\repository\org\springframework\boot\spring-boot-starter\3.0.3\spring-boot-starter-3.0.3.jar;C:\Users\jkarv\.m2\repository\org\springframework\boot\spring-boot\3.0.3\spring-boot-3.0.3.jar;C:\Users\jkarv\.m2\repository\org\springframework\boot\spring-boot-autoconfigure\3.0.3\spring-boot-autoconfigure-3.0.3.jar;C:\Users\jkarv\.m2\repository\org\springframework\boot\spring-boot-starter-logging\3.0.3\spring-boot-starter-logging-3.0.3.jar;C:\Users\jkarv\.m2\repository\ch\qos\logback\logback-classic\1.4.5\logback-classic-1.4.5.jar;C:\Users\jkarv\.m2\repository\ch\qos\logback\logback-core\1.4.5\logback-core-1.4.5.jar;C:\Users\jkarv\.m2\repository\org\apache\logging\log4j\log4j-to-slf4j\2.19.0\log4j-to-slf4j-2.19.0.jar;C:\Users\jkarv\.m2\repository\org\apache\logging\log4j\log4j-api\2.19.0\log4j-api-2.19.0.jar;C:\Users\jkarv\.m2\repository\org\slf4j\jul-to-slf4j\2.0.6\jul-to-slf4j-2.0.6.jar;C:\Users\jkarv\.m2\repository\jakarta\annotation\jakarta.annotation-api\2.1.1\jakarta.annotation-api-2.1.1.jar;C:\Users\jkarv\.m2\repository\org\yaml\snakeyaml\1.33\snakeyaml-1.33.jar;C:\Users\jkarv\.m2\repository\org\springframework\boot\spring-boot-starter-json\3.0.3\spring-boot-starter-json-3.0.3.jar;C:\Users\jkarv\.m2\repository\com\fasterxml\jackson\core\jackson-databind\2.14.2\jackson-databind-2.14.2.jar;C:\Users\jkarv\.m2\repository\com\fasterxml\jackson\core\jackson-annotations\2.14.2\jackson-annotations-2.14.2.jar;C:\Users\jkarv\.m2\repository\com\fasterxml\jackson\core\jackson-core\2.14.2\jackson-core-2.14.2.jar;C:\Users\jkarv\.m2\repository\com\fasterxml\jackson\datatype\jackson-datatype-jdk8\2.14.2\jackson-datatype-jdk8-2.14.2.jar;C:\Users\jkarv\.m2\repository\com\fasterxml\jackson\datatype\jackson-datatype-jsr3
Launcher Type: SUN_STANDARD

[Global flags]
     intx CICompilerCount                          = 3                                         {product} {ergonomic}
     uint ConcGCThreads                            = 1                                         {product} {ergonomic}
     uint G1ConcRefinementThreads                  = 4                                         {product} {ergonomic}
   size_t G1HeapRegionSize                         = 2097152                                   {product} {ergonomic}
    uintx GCDrainStackTargetSize                   = 64                                        {product} {ergonomic}
   size_t InitialHeapSize                          = 268435456                                 {product} {ergonomic}
   size_t MarkStackSize                            = 4194304                                   {product} {ergonomic}
   size_t MaxHeapSize                              = 4267704320                                {product} {ergonomic}
   size_t MaxNewSize                               = 2560622592                                {product} {ergonomic}
   size_t MinHeapDeltaBytes                        = 2097152                                   {product} {ergonomic}
   size_t MinHeapSize                              = 8388608                                   {product} {ergonomic}
    uintx NonNMethodCodeHeapSize                   = 5832780                                {pd product} {ergonomic}
    uintx NonProfiledCodeHeapSize                  = 122912730                              {pd product} {ergonomic}
    uintx ProfiledCodeHeapSize                     = 122912730                              {pd product} {ergonomic}
    uintx ReservedCodeCacheSize                    = 251658240                              {pd product} {ergonomic}
     bool SegmentedCodeCache                       = true                                      {product} {ergonomic}
   size_t SoftMaxHeapSize                          = 4267704320                             {manageable} {ergonomic}
     bool UseCompressedClassPointers               = true                           {product lp64_product} {ergonomic}
     bool UseCompressedOops                        = true                           {product lp64_product} {ergonomic}
     bool UseG1GC                                  = true                                      {product} {ergonomic}
     bool UseLargePagesIndividualAllocation        = false                                  {pd product} {ergonomic}

Logging:
Log output configuration:
 #0: stdout all=warning uptime,level,tags
 #1: stderr all=off uptime,level,tags

Environment Variables:
JAVA_HOME=C:\Program Files\Java\jdk-17.0.1
PATH=C:\Program Files\Python311\Scripts\;C:\Program Files\Python311\;C:\Program Files (x86)\Microsoft SDKs\Azure\CLI2\wbin;C:\Program Files\Java\jdk-17.0.1\bin;C:\Program Files\Java\jdk1.8.0_112\;C:\Program Files\Common Files\Oracle\Java\javapath;C:\Program Files (x86)\Common Files\Oracle\Java\javapath;C:\Program Files\Microsoft MPI\Bin\;C:\Windows\system32;C:\Windows;C:\Windows\System32\Wbem;C:\Windows\System32\WindowsPowerShell\v1.0\;C:\WINDOWS\system32;C:\WINDOWS;C:\WINDOWS\System32\Wbem;C:\WINDOWS\System32\WindowsPowerShell\v1.0\;C:\Program Files\Microsoft SQL Server\120\DTS\Binn\;C:\Program Files\Microsoft SQL Server\Client SDK\ODBC\110\Tools\Binn\;C:\Program Files (x86)\Microsoft SQL Server\120\Tools\Binn\;C:\Program Files\Microsoft SQL Server\120\Tools\Binn\;C:\Program Files (x86)\Microsoft SQL Server\120\Tools\Binn\ManagementStudio\;C:\Program Files (x86)\Microsoft SQL Server\120\DTS\Binn\;C:\WINDOWS\System32\OpenSSH\;C:\Program Files\dotnet\;C:\metasploit-framework\bin\;C:\Program Files (x86)\NVIDIA Corporation\PhysX\Common;C:\Program Files\NVIDIA Corporation\NVIDIA NvDLISR;C:\Program Files (x86)\Oberthur Technologies\AWP\Dlls;C:\Program Files\Oberthur Technologies\AWP\Dlls;C:\Users\jkarv\AppData\Local\Temp\;C:\Program Files (x86)\Common Files\Acronis\VirtualFile\;C:\Program Files (x86)\Common Files\Acronis\VirtualFile64\;C:\Program Files (x86)\Common Files\Acronis\SnapAPI\;C:\Program Files\Crucial\Crucial Storage Executive;C:\Program Files (x86)\Intel\Intel(R) Management Engine Components\DAL;C:\Program Files\Intel\Intel(R) Management Engine Components\DAL;C:\Program Files\Azure Data Studio\bin;C:\ProgramData\chocolatey\bin;C:\Program Files\Microsoft SQL Server\150\Tools\Binn\;C:\Program Files\Microsoft SQL Server\Client SDK\ODBC\170\Tools\Binn\;C:\Program Files\nodejs\;C:\Program Files (x86)\dotnet\;C:\WINDOWS\system32;C:\WINDOWS;C:\WINDOWS\System32\Wbem;C:\WINDOWS\System32\WindowsPowerShell\v1.0\;C:\WINDOWS\System32\OpenSSH\;C:\Program Files\Git\cmd;C:\msys
USERNAME=jkarv
OS=Windows_NT
PROCESSOR_IDENTIFIER=Intel64 Family 6 Model 78 Stepping 3, GenuineIntel



---------------  S Y S T E M  ---------------

OS:
 Windows 10 , 64 bit Build 19041 (10.0.19041.2546)
OS uptime: 12 days 19:32 hours
Hyper-V role detected

CPU: total 4 (initial active 4) (2 cores per cpu, 2 threads per core) family 6 model 78 stepping 3 microcode 0xdc, cx8, cmov, fxsr, ht, mmx, 3dnowpref, sse, sse2, sse3, ssse3, sse4.1, sse4.2, popcnt, lzcnt, tsc, tscinvbit, avx, avx2, aes, erms, clmul, bmi1, bmi2, adx, fma, vzeroupper, clflush, clflushopt, hv

Memory: 4k page, system-wide physical 16275M (2407M free)
TotalPageFile size 16275M (AvailPageFile size 95M)
current process WorkingSet (physical memory assigned to process): 74M, peak: 74M
current process commit charge ("private bytes"): 353M, peak: 353M

vm_info: Java HotSpot(TM) 64-Bit Server VM (17.0.1+12-LTS-39) for windows-amd64 JRE (17.0.1+12-LTS-39), built on Sep 27 2021 18:41:35 by "mach5one" with MS VC++ 16.8 (VS2019)

END.
